<?xml version='1.0'?>
<ns2:test-suite xmlns:ns2='urn:model.allure.qatools.yandex.ru' start='1664535596345' stop='1664535616304'>
    <name>SignUp,SignIn and Purchase the Product: TC002-Sign in with newly created credentials</name>
    <title>SignUp,SignIn and Purchase the Product: TC002-Sign in with newly created credentials</title>
    <test-cases>
        <test-case start='1664535596345' status='passed' stop='1664535596346'>
            <name></name>
            <title></title>
            <labels>
                <label name='language' value='javascript'/>
                <label name='framework' value='wdio'/>
                <label name='thread' value='0-0'/>
            </labels>
            <parameters>
                <parameter kind='argument' name='browser' value='chrome-106.0.5249.62'/>
            </parameters>
            <steps/>
            <attachments/>
        </test-case>
        <test-case start='1664535596346' status='passed' stop='1664535616299'>
            <name>Given I am on the sign in page</name>
            <title>Given I am on the sign in page</title>
            <labels>
                <label name='language' value='javascript'/>
                <label name='framework' value='wdio'/>
                <label name='thread' value='0-0'/>
            </labels>
            <parameters>
                <parameter kind='argument' name='browser' value='chrome-106.0.5249.62'/>
            </parameters>
            <steps>
                <step start='1664535596346' status='passed' stop='1664535596364'>
                    <name>POST /session/:sessionId/element</name>
                    <title>POST /session/:sessionId/element</title>
                    <attachments>
                        <attachment title='Request' source='613bca5d-54d3-4afc-92ab-0f443e752018-attachment.json' type='application/json' size='51'/>
                        <attachment title='Response' source='6d062fab-34de-4fc4-9362-6311e604e2e3-attachment.json' type='application/json' size='83'/>
                    </attachments>
                    <steps/>
                </step>
                <step start='1664535596366' status='passed' stop='1664535596388'>
                    <name>POST /session/:sessionId/elements</name>
                    <title>POST /session/:sessionId/elements</title>
                    <attachments>
                        <attachment title='Request' source='46c3f769-f2aa-46c8-a64d-898d8662b456-attachment.json' type='application/json' size='51'/>
                        <attachment title='Response' source='01345548-58f0-4b11-82c1-4e9e065169c2-attachment.json' type='application/json' size='93'/>
                    </attachments>
                    <steps/>
                </step>
                <step start='1664535596393' status='passed' stop='1664535596410'>
                    <name>POST /session/:sessionId/element</name>
                    <title>POST /session/:sessionId/element</title>
                    <attachments>
                        <attachment title='Request' source='8fe4ee40-6aa7-44ba-90b1-fafe0a4a631f-attachment.json' type='application/json' size='51'/>
                        <attachment title='Response' source='61882f0f-9730-4906-8fba-b5987e99dbda-attachment.json' type='application/json' size='83'/>
                    </attachments>
                    <steps/>
                </step>
                <step start='1664535596412' status='passed' stop='1664535610710'>
                    <name>POST /session/:sessionId/element/63fbba68-3229-4902-9638-7b74ec0d1c7b/click</name>
                    <title>POST /session/:sessionId/element/63fbba68-3229-4902-9638-7b74ec0d1c7b/click</title>
                    <attachments/>
                    <steps/>
                </step>
                <step start='1664535610711' status='passed' stop='1664535610742'>
                    <name>POST /session/:sessionId/element</name>
                    <title>POST /session/:sessionId/element</title>
                    <attachments>
                        <attachment title='Request' source='6e1e3a1d-5727-4d7a-b40c-65dc9e696a01-attachment.json' type='application/json' size='84'/>
                        <attachment title='Response' source='a60bf6af-a6d6-4949-a1a3-6b7ff0bf3a54-attachment.json' type='application/json' size='83'/>
                    </attachments>
                    <steps/>
                </step>
                <step start='1664535610745' status='passed' stop='1664535610765'>
                    <name>POST /session/:sessionId/elements</name>
                    <title>POST /session/:sessionId/elements</title>
                    <attachments>
                        <attachment title='Request' source='caaa942a-a318-4b54-b2c7-fd88523edb7d-attachment.json' type='application/json' size='84'/>
                        <attachment title='Response' source='1e1d51b4-241e-40d4-af0f-c2d700b9b8c5-attachment.json' type='application/json' size='93'/>
                    </attachments>
                    <steps/>
                </step>
                <step start='1664535610771' status='passed' stop='1664535610791'>
                    <name>POST /session/:sessionId/element</name>
                    <title>POST /session/:sessionId/element</title>
                    <attachments>
                        <attachment title='Request' source='db6956d8-3d31-4d42-bdbf-46d27f7a9668-attachment.json' type='application/json' size='64'/>
                        <attachment title='Response' source='30fb4c3c-15b2-4c44-a01f-618741b48652-attachment.json' type='application/json' size='83'/>
                    </attachments>
                    <steps/>
                </step>
                <step start='1664535610795' status='passed' stop='1664535610813'>
                    <name>POST /session/:sessionId/elements</name>
                    <title>POST /session/:sessionId/elements</title>
                    <attachments>
                        <attachment title='Request' source='ce975079-3a84-4f52-bdfc-8834f2887473-attachment.json' type='application/json' size='64'/>
                        <attachment title='Response' source='3f1d0ac4-825e-4a0a-aad4-0443f7340f91-attachment.json' type='application/json' size='93'/>
                    </attachments>
                    <steps/>
                </step>
                <step start='1664535610819' status='passed' stop='1664535610845'>
                    <name>POST /session/:sessionId/element</name>
                    <title>POST /session/:sessionId/element</title>
                    <attachments>
                        <attachment title='Request' source='32bf5107-a9dd-4d69-a0a2-41d38bbca36e-attachment.json' type='application/json' size='57'/>
                        <attachment title='Response' source='a08e63cf-d1b0-4bd2-ab18-e61676d32a6e-attachment.json' type='application/json' size='83'/>
                    </attachments>
                    <steps/>
                </step>
                <step start='1664535610848' status='passed' stop='1664535610866'>
                    <name>POST /session/:sessionId/elements</name>
                    <title>POST /session/:sessionId/elements</title>
                    <attachments>
                        <attachment title='Request' source='d0984b31-cad8-4c78-9bad-8d788137b966-attachment.json' type='application/json' size='57'/>
                        <attachment title='Response' source='cb8743bc-bd0f-4116-bdb2-b4180a0a1b2d-attachment.json' type='application/json' size='93'/>
                    </attachments>
                    <steps/>
                </step>
                <step start='1664535610872' status='passed' stop='1664535610899'>
                    <name>POST /session/:sessionId/element</name>
                    <title>POST /session/:sessionId/element</title>
                    <attachments>
                        <attachment title='Request' source='9ae2af91-ff6e-4218-9677-a64c88486883-attachment.json' type='application/json' size='84'/>
                        <attachment title='Response' source='6e1c4a1e-369d-467b-a385-749c173e12ba-attachment.json' type='application/json' size='83'/>
                    </attachments>
                    <steps/>
                </step>
                <step start='1664535610902' status='passed' stop='1664535616299'>
                    <name>POST /session/:sessionId/element/ae4add7c-03cf-4288-af2f-585a6ee06092/click</name>
                    <title>POST /session/:sessionId/element/ae4add7c-03cf-4288-af2f-585a6ee06092/click</title>
                    <attachments/>
                    <steps/>
                </step>
            </steps>
            <attachments/>
        </test-case>
        <test-case start='1664535616299' status='broken' stop='1664535616302'>
            <name>When login with the newly created credentials</name>
            <title>When login with the newly created credentials</title>
            <labels>
                <label name='language' value='javascript'/>
                <label name='framework' value='wdio'/>
                <label name='thread' value='0-0'/>
            </labels>
            <parameters>
                <parameter kind='argument' name='browser' value='chrome-106.0.5249.62'/>
            </parameters>
            <steps/>
            <attachments/>
            <failure>
                <message>TypeError: Cannot read property 'email' of undefined</message>
                <stack-trace>TypeError: Cannot read property 'email' of undefined
                    at World.&lt;anonymous> (C:\Users\JishaKR\Project\learning curve\sample-automation\automation2\features\step-definitions\steps.js:55:52)
                    at World.executeAsync (C:\Users\JishaKR\Project\learning curve\sample-automation\automation2\node_modules\@wdio\utils\build\shim.js:333:27)
                    at World.testFrameworkFnWrapper (C:\Users\JishaKR\Project\learning curve\sample-automation\automation2\node_modules\@wdio\utils\build\test-framework\testFnWrapper.js:51:32)
                    at async wrapPromiseWithTimeout (C:\Users\JishaKR\Project\learning curve\sample-automation\automation2\node_modules\@cucumber\cucumber\lib\time.js:67:12)
                    at async Object.run (C:\Users\JishaKR\Project\learning curve\sample-automation\automation2\node_modules\@cucumber\cucumber\lib\user_code_runner.js:64:22)
                    at async Object.run (C:\Users\JishaKR\Project\learning curve\sample-automation\automation2\node_modules\@cucumber\cucumber\lib\runtime\step_runner.js:52:26)
                    at async TestCaseRunner.invokeStep (C:\Users\JishaKR\Project\learning curve\sample-automation\automation2\node_modules\@cucumber\cucumber\lib\runtime\test_case_runner.js:93:16)
                    at async TestCaseRunner.runStep (C:\Users\JishaKR\Project\learning curve\sample-automation\automation2\node_modules\@cucumber\cucumber\lib\runtime\test_case_runner.js:237:26)
                    at async C:\Users\JishaKR\Project\learning curve\sample-automation\automation2\node_modules\@cucumber\cucumber\lib\runtime\test_case_runner.js:163:48
                    at async TestCaseRunner.aroundTestStep (C:\Users\JishaKR\Project\learning curve\sample-automation\automation2\node_modules\@cucumber\cucumber\lib\runtime\test_case_runner.js:117:32)
                    at async TestCaseRunner.run (C:\Users\JishaKR\Project\learning curve\sample-automation\automation2\node_modules\@cucumber\cucumber\lib\runtime\test_case_runner.js:146:17)
                    at async Runtime.runTestCase (C:\Users\JishaKR\Project\learning curve\sample-automation\automation2\node_modules\@cucumber\cucumber\lib\runtime\index.js:41:24)
                    at async Runtime.start (C:\Users\JishaKR\Project\learning curve\sample-automation\automation2\node_modules\@cucumber\cucumber\lib\runtime\index.js:65:13)
                    at async CucumberAdapter.run (C:\Users\JishaKR\Project\learning curve\sample-automation\automation2\node_modules\@wdio\cucumber-framework\build\index.js:168:22)
                    at async Runner.run (C:\Users\JishaKR\Project\learning curve\sample-automation\automation2\node_modules\@wdio\runner\build\index.js:152:24)</stack-trace>
            </failure>
        </test-case>
        <test-case start='1664535616303' status='broken' stop='1664535616303'>
            <name>Then I shall verify the address information in my addresses</name>
            <title>Then I shall verify the address information in my addresses</title>
            <labels>
                <label name='language' value='javascript'/>
                <label name='framework' value='wdio'/>
                <label name='thread' value='0-0'/>
            </labels>
            <parameters>
                <parameter kind='argument' name='browser' value='chrome-106.0.5249.62'/>
            </parameters>
            <steps/>
            <attachments/>
            <failure>
                <message>Step "I shall verify the address information in my addresses" is not defined. You can ignore this error by setting cucumberOpts.ignoreUndefinedDefinitions as true.</message>
                <stack-trace>Step "I shall verify the address information in my addresses" is not defined. You can ignore this error by setting cucumberOpts.ignoreUndefinedDefinitions as true.
                	at Feature(C:\Users\JishaKR\Project\learning curve\sample-automation\automation2\features\onlineshopping.feature):1:1
                	at Scenario(TC002-Sign in with newly created credentials):8:3
                	at Step(I shall verify the address information in my addresses):11:5
                </stack-trace>
            </failure>
        </test-case>
        <test-case start='1664535616303' status='passed' stop='1664535616303'>
            <name></name>
            <title></title>
            <labels>
                <label name='language' value='javascript'/>
                <label name='framework' value='wdio'/>
                <label name='thread' value='0-0'/>
            </labels>
            <parameters>
                <parameter kind='argument' name='browser' value='chrome-106.0.5249.62'/>
            </parameters>
            <steps/>
            <attachments/>
        </test-case>
    </test-cases>
</ns2:test-suite>