<?xml version='1.0'?>
<ns2:test-suite xmlns:ns2='urn:model.allure.qatools.yandex.ru' start='1664535936598' stop='1664535949429'>
    <name>SignUp,SignIn and Purchase the Product: TC002-Sign in with newly created credentials</name>
    <title>SignUp,SignIn and Purchase the Product: TC002-Sign in with newly created credentials</title>
    <test-cases>
        <test-case start='1664535936598' status='passed' stop='1664535936598'>
            <name></name>
            <title></title>
            <labels>
                <label name='language' value='javascript'/>
                <label name='framework' value='wdio'/>
                <label name='thread' value='0-0'/>
            </labels>
            <parameters>
                <parameter kind='argument' name='browser' value='chrome-106.0.5249.62'/>
            </parameters>
            <steps/>
            <attachments/>
        </test-case>
        <test-case start='1664535936598' status='passed' stop='1664535949425'>
            <name>Given I am on the sign in page</name>
            <title>Given I am on the sign in page</title>
            <labels>
                <label name='language' value='javascript'/>
                <label name='framework' value='wdio'/>
                <label name='thread' value='0-0'/>
            </labels>
            <parameters>
                <parameter kind='argument' name='browser' value='chrome-106.0.5249.62'/>
            </parameters>
            <steps>
                <step start='1664535936599' status='passed' stop='1664535936604'>
                    <name>POST /session/:sessionId/element</name>
                    <title>POST /session/:sessionId/element</title>
                    <attachments>
                        <attachment title='Request' source='ab767a88-a629-49a7-9f6a-b8bb069c4bfb-attachment.json' type='application/json' size='51'/>
                        <attachment title='Response' source='98ca3081-9024-4743-b56f-97ea533e365e-attachment.json' type='application/json' size='2'/>
                    </attachments>
                    <steps/>
                </step>
                <step start='1664535936620' status='passed' stop='1664535936637'>
                    <name>POST /session/:sessionId/elements</name>
                    <title>POST /session/:sessionId/elements</title>
                    <attachments>
                        <attachment title='Request' source='8c23175b-9628-4a93-80d2-9e42432f03ee-attachment.json' type='application/json' size='51'/>
                        <attachment title='Response' source='b0dfb941-010a-45b3-bd99-43b42522cb89-attachment.json' type='application/json' size='93'/>
                    </attachments>
                    <steps/>
                </step>
                <step start='1664535936639' status='passed' stop='1664535936653'>
                    <name>POST /session/:sessionId/element</name>
                    <title>POST /session/:sessionId/element</title>
                    <attachments>
                        <attachment title='Request' source='019e0f96-1087-413d-b2a2-944867a2f6e1-attachment.json' type='application/json' size='51'/>
                        <attachment title='Response' source='99970afd-c1b7-476e-9da2-5b0e572d374c-attachment.json' type='application/json' size='83'/>
                    </attachments>
                    <steps/>
                </step>
                <step start='1664535936655' status='passed' stop='1664535945571'>
                    <name>POST /session/:sessionId/element/59c32e28-d3c4-4f54-aadc-683c2e45c956/click</name>
                    <title>POST /session/:sessionId/element/59c32e28-d3c4-4f54-aadc-683c2e45c956/click</title>
                    <attachments/>
                    <steps/>
                </step>
                <step start='1664535945573' status='passed' stop='1664535945595'>
                    <name>POST /session/:sessionId/element</name>
                    <title>POST /session/:sessionId/element</title>
                    <attachments>
                        <attachment title='Request' source='a52f2238-fd07-40f2-a04a-26054271742f-attachment.json' type='application/json' size='84'/>
                        <attachment title='Response' source='05aec971-1629-4d66-bd51-4f36fc5788cd-attachment.json' type='application/json' size='83'/>
                    </attachments>
                    <steps/>
                </step>
                <step start='1664535945598' status='passed' stop='1664535945621'>
                    <name>POST /session/:sessionId/elements</name>
                    <title>POST /session/:sessionId/elements</title>
                    <attachments>
                        <attachment title='Request' source='6c8a3851-1816-427e-8af3-d98bfda2b21e-attachment.json' type='application/json' size='84'/>
                        <attachment title='Response' source='d72a48cc-bedd-4425-b564-dd3e7c7bcffa-attachment.json' type='application/json' size='93'/>
                    </attachments>
                    <steps/>
                </step>
                <step start='1664535945624' status='passed' stop='1664535945641'>
                    <name>POST /session/:sessionId/element</name>
                    <title>POST /session/:sessionId/element</title>
                    <attachments>
                        <attachment title='Request' source='d32ae29e-e29f-495e-b617-d4c0ad1f6471-attachment.json' type='application/json' size='64'/>
                        <attachment title='Response' source='0f8e56f1-4794-44b5-9455-73a1b8aea579-attachment.json' type='application/json' size='83'/>
                    </attachments>
                    <steps/>
                </step>
                <step start='1664535945643' status='passed' stop='1664535945686'>
                    <name>POST /session/:sessionId/elements</name>
                    <title>POST /session/:sessionId/elements</title>
                    <attachments>
                        <attachment title='Request' source='a61f2df0-ff1c-413b-8944-90686476de82-attachment.json' type='application/json' size='64'/>
                        <attachment title='Response' source='6963627d-303a-4908-b819-9460b73c1139-attachment.json' type='application/json' size='93'/>
                    </attachments>
                    <steps/>
                </step>
                <step start='1664535945688' status='passed' stop='1664535945706'>
                    <name>POST /session/:sessionId/element</name>
                    <title>POST /session/:sessionId/element</title>
                    <attachments>
                        <attachment title='Request' source='42dbd395-3f9f-41ac-9750-5d20839feb4f-attachment.json' type='application/json' size='57'/>
                        <attachment title='Response' source='e86771ec-b8f8-4c10-9b15-00501711ed15-attachment.json' type='application/json' size='83'/>
                    </attachments>
                    <steps/>
                </step>
                <step start='1664535945708' status='passed' stop='1664535945726'>
                    <name>POST /session/:sessionId/elements</name>
                    <title>POST /session/:sessionId/elements</title>
                    <attachments>
                        <attachment title='Request' source='fab74e62-5c7f-4097-80fe-d7b6d278554d-attachment.json' type='application/json' size='57'/>
                        <attachment title='Response' source='42c7768f-0ad2-4794-9b9d-b6d745cda958-attachment.json' type='application/json' size='93'/>
                    </attachments>
                    <steps/>
                </step>
                <step start='1664535945730' status='passed' stop='1664535945744'>
                    <name>POST /session/:sessionId/element</name>
                    <title>POST /session/:sessionId/element</title>
                    <attachments>
                        <attachment title='Request' source='5d8f8b38-1d38-4bcc-b7d6-40858086498d-attachment.json' type='application/json' size='84'/>
                        <attachment title='Response' source='8976514b-787b-440d-8ca4-b70989775c5c-attachment.json' type='application/json' size='83'/>
                    </attachments>
                    <steps/>
                </step>
                <step start='1664535945745' status='passed' stop='1664535949422'>
                    <name>POST /session/:sessionId/element/0415d613-4f43-446d-9c85-86d8afdef945/click</name>
                    <title>POST /session/:sessionId/element/0415d613-4f43-446d-9c85-86d8afdef945/click</title>
                    <attachments/>
                    <steps/>
                </step>
                <step start='1664535949422' status='undefined'>
                    <name>POST /session/:sessionId/element</name>
                    <title>POST /session/:sessionId/element</title>
                    <attachments>
                        <attachment title='Request' source='0d47a2c3-cf1f-4afa-979c-25bc1f16b750-attachment.json' type='application/json' size='50'/>
                    </attachments>
                    <steps/>
                </step>
            </steps>
            <attachments>
                <attachment title='Response' source='93a34362-dff4-41ba-87a2-955e9e9b48bb-attachment.json' type='application/json' size='83'/>
            </attachments>
        </test-case>
        <test-case start='1664535949426' status='broken' stop='1664535949428'>
            <name>When login with the newly created credentials</name>
            <title>When login with the newly created credentials</title>
            <labels>
                <label name='language' value='javascript'/>
                <label name='framework' value='wdio'/>
                <label name='thread' value='0-0'/>
            </labels>
            <parameters>
                <parameter kind='argument' name='browser' value='chrome-106.0.5249.62'/>
            </parameters>
            <steps/>
            <attachments/>
            <failure>
                <message>TypeError: Cannot read property 'email' of undefined</message>
                <stack-trace>TypeError: Cannot read property 'email' of undefined
                    at World.&lt;anonymous> (C:\Users\JishaKR\Project\learning curve\sample-automation\automation2\features\step-definitions\steps.js:55:52)
                    at World.executeAsync (C:\Users\JishaKR\Project\learning curve\sample-automation\automation2\node_modules\@wdio\utils\build\shim.js:333:27)
                    at World.testFrameworkFnWrapper (C:\Users\JishaKR\Project\learning curve\sample-automation\automation2\node_modules\@wdio\utils\build\test-framework\testFnWrapper.js:51:32)
                    at async wrapPromiseWithTimeout (C:\Users\JishaKR\Project\learning curve\sample-automation\automation2\node_modules\@cucumber\cucumber\lib\time.js:67:12)
                    at async Object.run (C:\Users\JishaKR\Project\learning curve\sample-automation\automation2\node_modules\@cucumber\cucumber\lib\user_code_runner.js:64:22)
                    at async Object.run (C:\Users\JishaKR\Project\learning curve\sample-automation\automation2\node_modules\@cucumber\cucumber\lib\runtime\step_runner.js:52:26)
                    at async TestCaseRunner.invokeStep (C:\Users\JishaKR\Project\learning curve\sample-automation\automation2\node_modules\@cucumber\cucumber\lib\runtime\test_case_runner.js:93:16)
                    at async TestCaseRunner.runStep (C:\Users\JishaKR\Project\learning curve\sample-automation\automation2\node_modules\@cucumber\cucumber\lib\runtime\test_case_runner.js:237:26)
                    at async C:\Users\JishaKR\Project\learning curve\sample-automation\automation2\node_modules\@cucumber\cucumber\lib\runtime\test_case_runner.js:163:48
                    at async TestCaseRunner.aroundTestStep (C:\Users\JishaKR\Project\learning curve\sample-automation\automation2\node_modules\@cucumber\cucumber\lib\runtime\test_case_runner.js:117:32)
                    at async TestCaseRunner.run (C:\Users\JishaKR\Project\learning curve\sample-automation\automation2\node_modules\@cucumber\cucumber\lib\runtime\test_case_runner.js:146:17)
                    at async Runtime.runTestCase (C:\Users\JishaKR\Project\learning curve\sample-automation\automation2\node_modules\@cucumber\cucumber\lib\runtime\index.js:41:24)
                    at async Runtime.start (C:\Users\JishaKR\Project\learning curve\sample-automation\automation2\node_modules\@cucumber\cucumber\lib\runtime\index.js:65:13)
                    at async CucumberAdapter.run (C:\Users\JishaKR\Project\learning curve\sample-automation\automation2\node_modules\@wdio\cucumber-framework\build\index.js:168:22)
                    at async Runner.run (C:\Users\JishaKR\Project\learning curve\sample-automation\automation2\node_modules\@wdio\runner\build\index.js:152:24)</stack-trace>
            </failure>
        </test-case>
        <test-case start='1664535949428' status='broken' stop='1664535949429'>
            <name>Then I shall verify the address information in my addresses</name>
            <title>Then I shall verify the address information in my addresses</title>
            <labels>
                <label name='language' value='javascript'/>
                <label name='framework' value='wdio'/>
                <label name='thread' value='0-0'/>
            </labels>
            <parameters>
                <parameter kind='argument' name='browser' value='chrome-106.0.5249.62'/>
            </parameters>
            <steps/>
            <attachments/>
            <failure>
                <message>Step "I shall verify the address information in my addresses" is not defined. You can ignore this error by setting cucumberOpts.ignoreUndefinedDefinitions as true.</message>
                <stack-trace>Step "I shall verify the address information in my addresses" is not defined. You can ignore this error by setting cucumberOpts.ignoreUndefinedDefinitions as true.
                	at Feature(C:\Users\JishaKR\Project\learning curve\sample-automation\automation2\features\onlineshopping.feature):1:1
                	at Scenario(TC002-Sign in with newly created credentials):8:3
                	at Step(I shall verify the address information in my addresses):11:5
                </stack-trace>
            </failure>
        </test-case>
        <test-case start='1664535949429' status='passed' stop='1664535949429'>
            <name></name>
            <title></title>
            <labels>
                <label name='language' value='javascript'/>
                <label name='framework' value='wdio'/>
                <label name='thread' value='0-0'/>
            </labels>
            <parameters>
                <parameter kind='argument' name='browser' value='chrome-106.0.5249.62'/>
            </parameters>
            <steps/>
            <attachments/>
        </test-case>
    </test-cases>
</ns2:test-suite>