<?xml version='1.0'?>
<ns2:test-suite xmlns:ns2='urn:model.allure.qatools.yandex.ru' start='1664534969796' stop='1664534981063'>
    <name>SignUp,SignIn and Purchase the Product: TC002-Sign in with newly created credentials</name>
    <title>SignUp,SignIn and Purchase the Product: TC002-Sign in with newly created credentials</title>
    <test-cases>
        <test-case start='1664534969796' status='passed' stop='1664534969796'>
            <name></name>
            <title></title>
            <labels>
                <label name='language' value='javascript'/>
                <label name='framework' value='wdio'/>
                <label name='thread' value='0-0'/>
            </labels>
            <parameters>
                <parameter kind='argument' name='browser' value='chrome-106.0.5249.62'/>
            </parameters>
            <steps/>
            <attachments/>
        </test-case>
        <test-case start='1664534969796' status='passed' stop='1664534981059'>
            <name>Given I am on the sign in page</name>
            <title>Given I am on the sign in page</title>
            <labels>
                <label name='language' value='javascript'/>
                <label name='framework' value='wdio'/>
                <label name='thread' value='0-0'/>
            </labels>
            <parameters>
                <parameter kind='argument' name='browser' value='chrome-106.0.5249.62'/>
            </parameters>
            <steps>
                <step start='1664534969796' status='passed' stop='1664534969819'>
                    <name>POST /session/:sessionId/element</name>
                    <title>POST /session/:sessionId/element</title>
                    <attachments>
                        <attachment title='Request' source='f2ec20b1-a237-4c6e-858f-a0f60c6c395a-attachment.json' type='application/json' size='51'/>
                        <attachment title='Response' source='bc0874ce-eb07-499f-8bf4-0d8febd97307-attachment.json' type='application/json' size='83'/>
                    </attachments>
                    <steps/>
                </step>
                <step start='1664534969821' status='passed' stop='1664534969843'>
                    <name>POST /session/:sessionId/elements</name>
                    <title>POST /session/:sessionId/elements</title>
                    <attachments>
                        <attachment title='Request' source='7309e301-6b2b-4783-86d9-1f9a5fd229bc-attachment.json' type='application/json' size='51'/>
                        <attachment title='Response' source='34c50a3c-d2b1-441e-85f7-7211821cc1d8-attachment.json' type='application/json' size='93'/>
                    </attachments>
                    <steps/>
                </step>
                <step start='1664534969846' status='passed' stop='1664534969866'>
                    <name>POST /session/:sessionId/element</name>
                    <title>POST /session/:sessionId/element</title>
                    <attachments>
                        <attachment title='Request' source='28643f74-4811-4762-ba59-5dc5a7871e62-attachment.json' type='application/json' size='51'/>
                        <attachment title='Response' source='2be687ee-1e6f-428e-bf8d-6df922f93621-attachment.json' type='application/json' size='83'/>
                    </attachments>
                    <steps/>
                </step>
                <step start='1664534969867' status='passed' stop='1664534975302'>
                    <name>POST /session/:sessionId/element/71796247-f3d1-4ce5-8c55-9538affb534b/click</name>
                    <title>POST /session/:sessionId/element/71796247-f3d1-4ce5-8c55-9538affb534b/click</title>
                    <attachments/>
                    <steps/>
                </step>
                <step start='1664534975302' status='passed' stop='1664534975320'>
                    <name>POST /session/:sessionId/element</name>
                    <title>POST /session/:sessionId/element</title>
                    <attachments>
                        <attachment title='Request' source='ffd6b5c0-c2c5-4f6d-b254-96261d975451-attachment.json' type='application/json' size='84'/>
                        <attachment title='Response' source='69fa54fd-1796-4418-882f-6c59b6353a7f-attachment.json' type='application/json' size='83'/>
                    </attachments>
                    <steps/>
                </step>
                <step start='1664534975323' status='passed' stop='1664534975343'>
                    <name>POST /session/:sessionId/elements</name>
                    <title>POST /session/:sessionId/elements</title>
                    <attachments>
                        <attachment title='Request' source='e27dbd50-0342-4795-81fc-0f28b47284b7-attachment.json' type='application/json' size='84'/>
                        <attachment title='Response' source='05a61fb8-8fd2-4e56-80a2-731f380f651a-attachment.json' type='application/json' size='93'/>
                    </attachments>
                    <steps/>
                </step>
                <step start='1664534975346' status='passed' stop='1664534975368'>
                    <name>POST /session/:sessionId/element</name>
                    <title>POST /session/:sessionId/element</title>
                    <attachments>
                        <attachment title='Request' source='54d593a6-3549-4eef-957b-e2f060baee7d-attachment.json' type='application/json' size='64'/>
                        <attachment title='Response' source='f58b4126-77ad-44d9-9fb4-ec6f6fae6c9a-attachment.json' type='application/json' size='83'/>
                    </attachments>
                    <steps/>
                </step>
                <step start='1664534975371' status='passed' stop='1664534975389'>
                    <name>POST /session/:sessionId/elements</name>
                    <title>POST /session/:sessionId/elements</title>
                    <attachments>
                        <attachment title='Request' source='32fbfe08-08b2-42d7-b651-5ac2681cd367-attachment.json' type='application/json' size='64'/>
                        <attachment title='Response' source='8cd38786-2ee7-46f4-aeee-ca868a2f03f2-attachment.json' type='application/json' size='93'/>
                    </attachments>
                    <steps/>
                </step>
                <step start='1664534975392' status='passed' stop='1664534975411'>
                    <name>POST /session/:sessionId/element</name>
                    <title>POST /session/:sessionId/element</title>
                    <attachments>
                        <attachment title='Request' source='1a687205-eccc-48f7-b12f-496b4865bbd6-attachment.json' type='application/json' size='57'/>
                        <attachment title='Response' source='e7f43a5c-829f-4fe7-afb8-5dd793e9bd43-attachment.json' type='application/json' size='83'/>
                    </attachments>
                    <steps/>
                </step>
                <step start='1664534975413' status='passed' stop='1664534975444'>
                    <name>POST /session/:sessionId/elements</name>
                    <title>POST /session/:sessionId/elements</title>
                    <attachments>
                        <attachment title='Request' source='422ac2f1-baff-4047-99ca-89c72230545e-attachment.json' type='application/json' size='57'/>
                        <attachment title='Response' source='d2bdff02-ed76-41cd-b2be-f41038312f36-attachment.json' type='application/json' size='93'/>
                    </attachments>
                    <steps/>
                </step>
                <step start='1664534975448' status='passed' stop='1664534975462'>
                    <name>POST /session/:sessionId/element</name>
                    <title>POST /session/:sessionId/element</title>
                    <attachments>
                        <attachment title='Request' source='064732ac-c010-44d8-bbb6-b367a0ee2295-attachment.json' type='application/json' size='84'/>
                        <attachment title='Response' source='73b653dd-e728-4e2c-9d9e-a990829e53ae-attachment.json' type='application/json' size='83'/>
                    </attachments>
                    <steps/>
                </step>
                <step start='1664534975465' status='passed' stop='1664534981058'>
                    <name>POST /session/:sessionId/element/72a5dd27-1a06-4a13-b996-aadafa727ba4/click</name>
                    <title>POST /session/:sessionId/element/72a5dd27-1a06-4a13-b996-aadafa727ba4/click</title>
                    <attachments/>
                    <steps/>
                </step>
            </steps>
            <attachments/>
        </test-case>
        <test-case start='1664534981059' status='broken' stop='1664534981062'>
            <name>When login with the newly created credentials</name>
            <title>When login with the newly created credentials</title>
            <labels>
                <label name='language' value='javascript'/>
                <label name='framework' value='wdio'/>
                <label name='thread' value='0-0'/>
            </labels>
            <parameters>
                <parameter kind='argument' name='browser' value='chrome-106.0.5249.62'/>
            </parameters>
            <steps/>
            <attachments/>
            <failure>
                <message>TypeError: Cannot read property 'email' of undefined</message>
                <stack-trace>TypeError: Cannot read property 'email' of undefined
                    at World.&lt;anonymous> (C:\Users\JishaKR\Project\learning curve\sample-automation\automation2\features\step-definitions\steps.js:55:52)
                    at World.executeAsync (C:\Users\JishaKR\Project\learning curve\sample-automation\automation2\node_modules\@wdio\utils\build\shim.js:333:27)
                    at World.testFrameworkFnWrapper (C:\Users\JishaKR\Project\learning curve\sample-automation\automation2\node_modules\@wdio\utils\build\test-framework\testFnWrapper.js:51:32)
                    at async wrapPromiseWithTimeout (C:\Users\JishaKR\Project\learning curve\sample-automation\automation2\node_modules\@cucumber\cucumber\lib\time.js:67:12)
                    at async Object.run (C:\Users\JishaKR\Project\learning curve\sample-automation\automation2\node_modules\@cucumber\cucumber\lib\user_code_runner.js:64:22)
                    at async Object.run (C:\Users\JishaKR\Project\learning curve\sample-automation\automation2\node_modules\@cucumber\cucumber\lib\runtime\step_runner.js:52:26)
                    at async TestCaseRunner.invokeStep (C:\Users\JishaKR\Project\learning curve\sample-automation\automation2\node_modules\@cucumber\cucumber\lib\runtime\test_case_runner.js:93:16)
                    at async TestCaseRunner.runStep (C:\Users\JishaKR\Project\learning curve\sample-automation\automation2\node_modules\@cucumber\cucumber\lib\runtime\test_case_runner.js:237:26)
                    at async C:\Users\JishaKR\Project\learning curve\sample-automation\automation2\node_modules\@cucumber\cucumber\lib\runtime\test_case_runner.js:163:48
                    at async TestCaseRunner.aroundTestStep (C:\Users\JishaKR\Project\learning curve\sample-automation\automation2\node_modules\@cucumber\cucumber\lib\runtime\test_case_runner.js:117:32)
                    at async TestCaseRunner.run (C:\Users\JishaKR\Project\learning curve\sample-automation\automation2\node_modules\@cucumber\cucumber\lib\runtime\test_case_runner.js:146:17)
                    at async Runtime.runTestCase (C:\Users\JishaKR\Project\learning curve\sample-automation\automation2\node_modules\@cucumber\cucumber\lib\runtime\index.js:41:24)
                    at async Runtime.start (C:\Users\JishaKR\Project\learning curve\sample-automation\automation2\node_modules\@cucumber\cucumber\lib\runtime\index.js:65:13)
                    at async CucumberAdapter.run (C:\Users\JishaKR\Project\learning curve\sample-automation\automation2\node_modules\@wdio\cucumber-framework\build\index.js:168:22)
                    at async Runner.run (C:\Users\JishaKR\Project\learning curve\sample-automation\automation2\node_modules\@wdio\runner\build\index.js:152:24)</stack-trace>
            </failure>
        </test-case>
        <test-case start='1664534981062' status='broken' stop='1664534981062'>
            <name>Then I shall verify the address information in my addresses</name>
            <title>Then I shall verify the address information in my addresses</title>
            <labels>
                <label name='language' value='javascript'/>
                <label name='framework' value='wdio'/>
                <label name='thread' value='0-0'/>
            </labels>
            <parameters>
                <parameter kind='argument' name='browser' value='chrome-106.0.5249.62'/>
            </parameters>
            <steps/>
            <attachments/>
            <failure>
                <message>Step "I shall verify the address information in my addresses" is not defined. You can ignore this error by setting cucumberOpts.ignoreUndefinedDefinitions as true.</message>
                <stack-trace>Step "I shall verify the address information in my addresses" is not defined. You can ignore this error by setting cucumberOpts.ignoreUndefinedDefinitions as true.
                	at Feature(C:\Users\JishaKR\Project\learning curve\sample-automation\automation2\features\onlineshopping.feature):1:1
                	at Scenario(TC002-Sign in with newly created credentials):8:3
                	at Step(I shall verify the address information in my addresses):11:5
                </stack-trace>
            </failure>
        </test-case>
        <test-case start='1664534981063' status='passed' stop='1664534981063'>
            <name></name>
            <title></title>
            <labels>
                <label name='language' value='javascript'/>
                <label name='framework' value='wdio'/>
                <label name='thread' value='0-0'/>
            </labels>
            <parameters>
                <parameter kind='argument' name='browser' value='chrome-106.0.5249.62'/>
            </parameters>
            <steps/>
            <attachments/>
        </test-case>
    </test-cases>
</ns2:test-suite>