<?xml version='1.0'?>
<ns2:test-suite xmlns:ns2='urn:model.allure.qatools.yandex.ru' start='1664536087974' stop='1664536092844'>
    <name>SignUp,SignIn and Purchase the Product: TC002-Sign in with newly created credentials</name>
    <title>SignUp,SignIn and Purchase the Product: TC002-Sign in with newly created credentials</title>
    <test-cases>
        <test-case start='1664536087974' status='passed' stop='1664536087974'>
            <name></name>
            <title></title>
            <labels>
                <label name='language' value='javascript'/>
                <label name='framework' value='wdio'/>
                <label name='thread' value='0-0'/>
            </labels>
            <parameters>
                <parameter kind='argument' name='browser' value='chrome-106.0.5249.62'/>
            </parameters>
            <steps/>
            <attachments/>
        </test-case>
        <test-case start='1664536087974' status='passed' stop='1664536092841'>
            <name>Given I am on the sign in page</name>
            <title>Given I am on the sign in page</title>
            <labels>
                <label name='language' value='javascript'/>
                <label name='framework' value='wdio'/>
                <label name='thread' value='0-0'/>
            </labels>
            <parameters>
                <parameter kind='argument' name='browser' value='chrome-106.0.5249.62'/>
            </parameters>
            <steps>
                <step start='1664536087975' status='passed' stop='1664536087997'>
                    <name>POST /session/:sessionId/element</name>
                    <title>POST /session/:sessionId/element</title>
                    <attachments>
                        <attachment title='Request' source='256badc0-3b52-4d80-816e-91368473e7c3-attachment.json' type='application/json' size='51'/>
                        <attachment title='Response' source='80fbe095-dea5-4462-8e65-c7559e092cb3-attachment.json' type='application/json' size='83'/>
                    </attachments>
                    <steps/>
                </step>
                <step start='1664536088000' status='passed' stop='1664536088048'>
                    <name>POST /session/:sessionId/elements</name>
                    <title>POST /session/:sessionId/elements</title>
                    <attachments>
                        <attachment title='Request' source='efb8d67c-d2fb-4d21-9ed0-9ea84e91af28-attachment.json' type='application/json' size='51'/>
                        <attachment title='Response' source='cd21e3af-5f97-44c9-8463-71ea577794b6-attachment.json' type='application/json' size='93'/>
                    </attachments>
                    <steps/>
                </step>
                <step start='1664536088051' status='passed' stop='1664536088071'>
                    <name>POST /session/:sessionId/element</name>
                    <title>POST /session/:sessionId/element</title>
                    <attachments>
                        <attachment title='Request' source='a30b6c0b-0a37-405a-a899-e12ff4df0b39-attachment.json' type='application/json' size='51'/>
                        <attachment title='Response' source='3c92af80-3b53-45eb-8a4c-423fa92b933d-attachment.json' type='application/json' size='83'/>
                    </attachments>
                    <steps/>
                </step>
                <step start='1664536088072' status='passed' stop='1664536090715'>
                    <name>POST /session/:sessionId/element/dacb496f-0a5d-4d84-aad6-8f2a5646561c/click</name>
                    <title>POST /session/:sessionId/element/dacb496f-0a5d-4d84-aad6-8f2a5646561c/click</title>
                    <attachments/>
                    <steps/>
                </step>
                <step start='1664536090716' status='passed' stop='1664536090737'>
                    <name>POST /session/:sessionId/element</name>
                    <title>POST /session/:sessionId/element</title>
                    <attachments>
                        <attachment title='Request' source='96248473-e4ab-4ebf-a67e-0d7532e71b3a-attachment.json' type='application/json' size='84'/>
                        <attachment title='Response' source='8f96447f-7709-4cef-9255-153666cf38ec-attachment.json' type='application/json' size='83'/>
                    </attachments>
                    <steps/>
                </step>
                <step start='1664536090739' status='passed' stop='1664536090759'>
                    <name>POST /session/:sessionId/elements</name>
                    <title>POST /session/:sessionId/elements</title>
                    <attachments>
                        <attachment title='Request' source='66a4cb60-be45-4bb2-9042-e67a872ecc7d-attachment.json' type='application/json' size='84'/>
                        <attachment title='Response' source='fe1c92a6-4697-4674-88c0-5c4c247ac4bc-attachment.json' type='application/json' size='93'/>
                    </attachments>
                    <steps/>
                </step>
                <step start='1664536090765' status='passed' stop='1664536090793'>
                    <name>POST /session/:sessionId/element</name>
                    <title>POST /session/:sessionId/element</title>
                    <attachments>
                        <attachment title='Request' source='4d9ffae3-7d13-4b0c-83a1-41d0529a2550-attachment.json' type='application/json' size='64'/>
                        <attachment title='Response' source='94d96437-09f0-4480-80e8-cf94e1722cfe-attachment.json' type='application/json' size='83'/>
                    </attachments>
                    <steps/>
                </step>
                <step start='1664536090799' status='passed' stop='1664536090836'>
                    <name>POST /session/:sessionId/elements</name>
                    <title>POST /session/:sessionId/elements</title>
                    <attachments>
                        <attachment title='Request' source='17333dbd-75a8-46fc-98fb-c23121dee6cb-attachment.json' type='application/json' size='64'/>
                        <attachment title='Response' source='7de99c49-ed31-4cd1-b14c-47895e7ac827-attachment.json' type='application/json' size='93'/>
                    </attachments>
                    <steps/>
                </step>
                <step start='1664536090838' status='passed' stop='1664536090855'>
                    <name>POST /session/:sessionId/element</name>
                    <title>POST /session/:sessionId/element</title>
                    <attachments>
                        <attachment title='Request' source='d735901f-7750-417a-89c8-1105084d5f9d-attachment.json' type='application/json' size='57'/>
                        <attachment title='Response' source='c0409b1e-7618-4b3f-9ec2-80d72fb37257-attachment.json' type='application/json' size='83'/>
                    </attachments>
                    <steps/>
                </step>
                <step start='1664536090857' status='passed' stop='1664536090873'>
                    <name>POST /session/:sessionId/elements</name>
                    <title>POST /session/:sessionId/elements</title>
                    <attachments>
                        <attachment title='Request' source='b5bcdf26-da6d-4acc-99c4-7fea49e2a199-attachment.json' type='application/json' size='57'/>
                        <attachment title='Response' source='01f9bcb5-c059-40b9-b2b5-3295cce2d7e9-attachment.json' type='application/json' size='93'/>
                    </attachments>
                    <steps/>
                </step>
                <step start='1664536090877' status='passed' stop='1664536090892'>
                    <name>POST /session/:sessionId/element</name>
                    <title>POST /session/:sessionId/element</title>
                    <attachments>
                        <attachment title='Request' source='e082c9d9-4b1d-4116-9ccc-a2b02787c865-attachment.json' type='application/json' size='84'/>
                        <attachment title='Response' source='f80aae78-19af-41bc-b0d5-5d7a31867048-attachment.json' type='application/json' size='83'/>
                    </attachments>
                    <steps/>
                </step>
                <step start='1664536090895' status='passed' stop='1664536092840'>
                    <name>POST /session/:sessionId/element/8fa0107e-bb18-4687-9ef1-7a652e365934/click</name>
                    <title>POST /session/:sessionId/element/8fa0107e-bb18-4687-9ef1-7a652e365934/click</title>
                    <attachments/>
                    <steps/>
                </step>
            </steps>
            <attachments/>
        </test-case>
        <test-case start='1664536092841' status='broken' stop='1664536092844'>
            <name>When login with the newly created credentials</name>
            <title>When login with the newly created credentials</title>
            <labels>
                <label name='language' value='javascript'/>
                <label name='framework' value='wdio'/>
                <label name='thread' value='0-0'/>
            </labels>
            <parameters>
                <parameter kind='argument' name='browser' value='chrome-106.0.5249.62'/>
            </parameters>
            <steps/>
            <attachments/>
            <failure>
                <message>TypeError: Cannot read property 'email' of undefined</message>
                <stack-trace>TypeError: Cannot read property 'email' of undefined
                    at World.&lt;anonymous> (C:\Users\JishaKR\Project\learning curve\sample-automation\automation2\features\step-definitions\steps.js:55:52)
                    at World.executeAsync (C:\Users\JishaKR\Project\learning curve\sample-automation\automation2\node_modules\@wdio\utils\build\shim.js:333:27)
                    at World.testFrameworkFnWrapper (C:\Users\JishaKR\Project\learning curve\sample-automation\automation2\node_modules\@wdio\utils\build\test-framework\testFnWrapper.js:51:32)
                    at async wrapPromiseWithTimeout (C:\Users\JishaKR\Project\learning curve\sample-automation\automation2\node_modules\@cucumber\cucumber\lib\time.js:67:12)
                    at async Object.run (C:\Users\JishaKR\Project\learning curve\sample-automation\automation2\node_modules\@cucumber\cucumber\lib\user_code_runner.js:64:22)
                    at async Object.run (C:\Users\JishaKR\Project\learning curve\sample-automation\automation2\node_modules\@cucumber\cucumber\lib\runtime\step_runner.js:52:26)
                    at async TestCaseRunner.invokeStep (C:\Users\JishaKR\Project\learning curve\sample-automation\automation2\node_modules\@cucumber\cucumber\lib\runtime\test_case_runner.js:93:16)
                    at async TestCaseRunner.runStep (C:\Users\JishaKR\Project\learning curve\sample-automation\automation2\node_modules\@cucumber\cucumber\lib\runtime\test_case_runner.js:237:26)
                    at async C:\Users\JishaKR\Project\learning curve\sample-automation\automation2\node_modules\@cucumber\cucumber\lib\runtime\test_case_runner.js:163:48
                    at async TestCaseRunner.aroundTestStep (C:\Users\JishaKR\Project\learning curve\sample-automation\automation2\node_modules\@cucumber\cucumber\lib\runtime\test_case_runner.js:117:32)
                    at async TestCaseRunner.run (C:\Users\JishaKR\Project\learning curve\sample-automation\automation2\node_modules\@cucumber\cucumber\lib\runtime\test_case_runner.js:146:17)
                    at async Runtime.runTestCase (C:\Users\JishaKR\Project\learning curve\sample-automation\automation2\node_modules\@cucumber\cucumber\lib\runtime\index.js:41:24)
                    at async Runtime.start (C:\Users\JishaKR\Project\learning curve\sample-automation\automation2\node_modules\@cucumber\cucumber\lib\runtime\index.js:65:13)
                    at async CucumberAdapter.run (C:\Users\JishaKR\Project\learning curve\sample-automation\automation2\node_modules\@wdio\cucumber-framework\build\index.js:168:22)
                    at async Runner.run (C:\Users\JishaKR\Project\learning curve\sample-automation\automation2\node_modules\@wdio\runner\build\index.js:152:24)</stack-trace>
            </failure>
        </test-case>
        <test-case start='1664536092844' status='broken' stop='1664536092844'>
            <name>Then I shall verify the address information in my addresses</name>
            <title>Then I shall verify the address information in my addresses</title>
            <labels>
                <label name='language' value='javascript'/>
                <label name='framework' value='wdio'/>
                <label name='thread' value='0-0'/>
            </labels>
            <parameters>
                <parameter kind='argument' name='browser' value='chrome-106.0.5249.62'/>
            </parameters>
            <steps/>
            <attachments/>
            <failure>
                <message>Step "I shall verify the address information in my addresses" is not defined. You can ignore this error by setting cucumberOpts.ignoreUndefinedDefinitions as true.</message>
                <stack-trace>Step "I shall verify the address information in my addresses" is not defined. You can ignore this error by setting cucumberOpts.ignoreUndefinedDefinitions as true.
                	at Feature(C:\Users\JishaKR\Project\learning curve\sample-automation\automation2\features\onlineshopping.feature):1:1
                	at Scenario(TC002-Sign in with newly created credentials):8:3
                	at Step(I shall verify the address information in my addresses):11:5
                </stack-trace>
            </failure>
        </test-case>
        <test-case start='1664536092844' status='passed' stop='1664536092844'>
            <name></name>
            <title></title>
            <labels>
                <label name='language' value='javascript'/>
                <label name='framework' value='wdio'/>
                <label name='thread' value='0-0'/>
            </labels>
            <parameters>
                <parameter kind='argument' name='browser' value='chrome-106.0.5249.62'/>
            </parameters>
            <steps/>
            <attachments/>
        </test-case>
    </test-cases>
</ns2:test-suite>