<?xml version='1.0'?>
<ns2:test-suite xmlns:ns2='urn:model.allure.qatools.yandex.ru' start='1664534489507' stop='1664534489511'>
    <name>SignUp,SignIn and Purchase the Product: TC002-Sign in with newly created credentials</name>
    <title>SignUp,SignIn and Purchase the Product: TC002-Sign in with newly created credentials</title>
    <test-cases>
        <test-case start='1664534489507' status='passed' stop='1664534489507'>
            <name></name>
            <title></title>
            <labels>
                <label name='language' value='javascript'/>
                <label name='framework' value='wdio'/>
                <label name='thread' value='0-0'/>
            </labels>
            <parameters>
                <parameter kind='argument' name='browser' value='chrome-106.0.5249.62'/>
            </parameters>
            <steps/>
            <attachments/>
        </test-case>
        <test-case start='1664534489507' status='broken' stop='1664534489510'>
            <name>Given I am on the sign in page</name>
            <title>Given I am on the sign in page</title>
            <labels>
                <label name='language' value='javascript'/>
                <label name='framework' value='wdio'/>
                <label name='thread' value='0-0'/>
            </labels>
            <parameters>
                <parameter kind='argument' name='browser' value='chrome-106.0.5249.62'/>
            </parameters>
            <steps/>
            <attachments/>
            <failure>
                <message>TypeError: Cannot read property 'isExisting' of undefined</message>
                <stack-trace>TypeError: Cannot read property 'isExisting' of undefined
                    at World.&lt;anonymous> (C:\Users\JishaKR\Project\learning curve\sample-automation\automation2\features\step-definitions\steps.js:45:38)
                    at World.executeAsync (C:\Users\JishaKR\Project\learning curve\sample-automation\automation2\node_modules\@wdio\utils\build\shim.js:333:27)
                    at World.testFrameworkFnWrapper (C:\Users\JishaKR\Project\learning curve\sample-automation\automation2\node_modules\@wdio\utils\build\test-framework\testFnWrapper.js:51:32)
                    at async wrapPromiseWithTimeout (C:\Users\JishaKR\Project\learning curve\sample-automation\automation2\node_modules\@cucumber\cucumber\lib\time.js:67:12)
                    at async Object.run (C:\Users\JishaKR\Project\learning curve\sample-automation\automation2\node_modules\@cucumber\cucumber\lib\user_code_runner.js:64:22)
                    at async Object.run (C:\Users\JishaKR\Project\learning curve\sample-automation\automation2\node_modules\@cucumber\cucumber\lib\runtime\step_runner.js:52:26)
                    at async TestCaseRunner.invokeStep (C:\Users\JishaKR\Project\learning curve\sample-automation\automation2\node_modules\@cucumber\cucumber\lib\runtime\test_case_runner.js:93:16)
                    at async TestCaseRunner.runStep (C:\Users\JishaKR\Project\learning curve\sample-automation\automation2\node_modules\@cucumber\cucumber\lib\runtime\test_case_runner.js:237:26)
                    at async C:\Users\JishaKR\Project\learning curve\sample-automation\automation2\node_modules\@cucumber\cucumber\lib\runtime\test_case_runner.js:163:48
                    at async TestCaseRunner.aroundTestStep (C:\Users\JishaKR\Project\learning curve\sample-automation\automation2\node_modules\@cucumber\cucumber\lib\runtime\test_case_runner.js:117:32)
                    at async TestCaseRunner.run (C:\Users\JishaKR\Project\learning curve\sample-automation\automation2\node_modules\@cucumber\cucumber\lib\runtime\test_case_runner.js:146:17)
                    at async Runtime.runTestCase (C:\Users\JishaKR\Project\learning curve\sample-automation\automation2\node_modules\@cucumber\cucumber\lib\runtime\index.js:41:24)
                    at async Runtime.start (C:\Users\JishaKR\Project\learning curve\sample-automation\automation2\node_modules\@cucumber\cucumber\lib\runtime\index.js:65:13)
                    at async CucumberAdapter.run (C:\Users\JishaKR\Project\learning curve\sample-automation\automation2\node_modules\@wdio\cucumber-framework\build\index.js:168:22)
                    at async Runner.run (C:\Users\JishaKR\Project\learning curve\sample-automation\automation2\node_modules\@wdio\runner\build\index.js:152:24)</stack-trace>
            </failure>
        </test-case>
        <test-case start='1664534489510' status='pending' stop='1664534489510'>
            <name>When login with the newly created credentials</name>
            <title>When login with the newly created credentials</title>
            <labels>
                <label name='language' value='javascript'/>
                <label name='framework' value='wdio'/>
                <label name='thread' value='0-0'/>
            </labels>
            <parameters>
                <parameter kind='argument' name='browser' value='chrome-106.0.5249.62'/>
            </parameters>
            <steps/>
            <attachments/>
        </test-case>
        <test-case start='1664534489510' status='broken' stop='1664534489510'>
            <name>Then I shall verify the address information in my addresses</name>
            <title>Then I shall verify the address information in my addresses</title>
            <labels>
                <label name='language' value='javascript'/>
                <label name='framework' value='wdio'/>
                <label name='thread' value='0-0'/>
            </labels>
            <parameters>
                <parameter kind='argument' name='browser' value='chrome-106.0.5249.62'/>
            </parameters>
            <steps/>
            <attachments/>
            <failure>
                <message>Step "I shall verify the address information in my addresses" is not defined. You can ignore this error by setting cucumberOpts.ignoreUndefinedDefinitions as true.</message>
                <stack-trace>Step "I shall verify the address information in my addresses" is not defined. You can ignore this error by setting cucumberOpts.ignoreUndefinedDefinitions as true.
                	at Feature(C:\Users\JishaKR\Project\learning curve\sample-automation\automation2\features\onlineshopping.feature):1:1
                	at Scenario(TC002-Sign in with newly created credentials):8:3
                	at Step(I shall verify the address information in my addresses):11:5
                </stack-trace>
            </failure>
        </test-case>
        <test-case start='1664534489510' status='passed' stop='1664534489511'>
            <name></name>
            <title></title>
            <labels>
                <label name='language' value='javascript'/>
                <label name='framework' value='wdio'/>
                <label name='thread' value='0-0'/>
            </labels>
            <parameters>
                <parameter kind='argument' name='browser' value='chrome-106.0.5249.62'/>
            </parameters>
            <steps/>
            <attachments/>
        </test-case>
    </test-cases>
</ns2:test-suite>